2021-03-05 11:03:10,823 [      0]   INFO -        #com.intellij.idea.Main - ------------------------------------------------------ IDE STARTED ------------------------------------------------------ 
2021-03-05 11:03:11,039 [    216]   INFO -        #com.intellij.idea.Main - JNA library (64-bit) loaded in 184 ms 
2021-03-05 11:03:11,046 [    223]   INFO -        #com.intellij.idea.Main - IDE: Android Studio (build #AI-193.6911.18.40.6626763, 24 Jun 2020 23:42) 
2021-03-05 11:03:11,047 [    224]   INFO -        #com.intellij.idea.Main - OS: Windows 8.1 (6.3, amd64) 
2021-03-05 11:03:11,047 [    224]   INFO -        #com.intellij.idea.Main - JRE: 1.8.0_242-release-1644-b01 (JetBrains s.r.o) 
2021-03-05 11:03:11,047 [    224]   INFO -        #com.intellij.idea.Main - JVM: 25.242-b01 (OpenJDK 64-Bit Server VM) 
2021-03-05 11:03:11,049 [    226]   INFO -        #com.intellij.idea.Main - JVM Args: exit -Xms256m -Xmx1280m -XX:ReservedCodeCacheSize=240m -XX:+UseConcMarkSweepGC -XX:SoftRefLRUPolicyMSPerMB=50 -XX:CICompilerCount=2 -Dsun.io.useCanonPrefixCache=false -Djava.net.preferIPv4Stack=true -Djdk.http.auth.tunneling.disabledSchemes="" -Djdk.attach.allowAttachSelf=true -Dkotlinx.coroutines.debug=off -Djdk.module.illegalAccess.silent=true -Djna.nosys=true -Djna.boot.library.path= -Djb.vmOptionsFile=C:\Program Files\Android\Android Studio\bin\studio64.exe.vmoptions -Djava.library.path=C:\Program Files\Android\Android Studio\jre\jre\bin;C:\Program Files\Android\Android Studio\jre\jre\bin\server -Didea.platform.prefix=AndroidStudio -Didea.jre.check=true -Dide.native.launcher=true -Didea.paths.selector=AndroidStudio4.0 -XX:ErrorFile=C:\Users\Leonardo\java_error_in_studio_%p.log -XX:HeapDumpPath=C:\Users\Leonardo\java_error_in_studio.hprof 
2021-03-05 11:03:11,052 [    229]   INFO -        #com.intellij.idea.Main - ext: C:\Program Files\Android\Android Studio\jre\jre\lib\ext: [access-bridge-64.jar, cldrdata.jar, dnsns.jar, jaccess.jar, localedata.jar, meta-index, nashorn.jar, sunec.jar, sunjce_provider.jar, sunmscapi.jar, sunpkcs11.jar, zipfs.jar] 
2021-03-05 11:03:11,053 [    230]   INFO -        #com.intellij.idea.Main - charsets: JNU=Cp1252 file=Cp1252 
2021-03-05 11:03:11,083 [    260]   INFO -        #com.intellij.idea.Main - CPU cores: 8; ForkJoinPool.commonPool: java.util.concurrent.ForkJoinPool@58eb6e91[Running, parallelism = 7, size = 0, active = 0, running = 0, steals = 0, tasks = 0, submissions = 0]; factory: com.intellij.concurrency.IdeaForkJoinWorkerThreadFactory@33b31e 
2021-03-05 11:03:12,225 [   1402]   INFO - penapi.util.io.win32.IdeaWin32 - Native filesystem for Windows is operational 
2021-03-05 11:04:49,995 [  99172]   WARN -        #com.intellij.idea.Main - Directory is invalid C:\Users\Leonardo\AndroidStudioProjects\config 
java.io.IOException: Directory is invalid C:\Users\Leonardo\AndroidStudioProjects\config
	at com.intellij.openapi.util.io.FileUtil.copyDir(FileUtil.java:498)
	at com.intellij.openapi.application.ConfigImportHelper.doImport(ConfigImportHelper.java:404)
	at com.intellij.openapi.application.ConfigImportHelper.doImport(ConfigImportHelper.java:387)
	at com.intellij.openapi.application.ConfigImportHelper.importConfigsTo(ConfigImportHelper.java:86)
	at com.intellij.idea.StartupUtil.lambda$startApp$3(StartupUtil.java:228)
	at java.awt.event.InvocationEvent.dispatch(InvocationEvent.java:301)
	at java.awt.EventQueue.dispatchEventImpl(EventQueue.java:764)
	at java.awt.EventQueue.access$500(EventQueue.java:98)
	at java.awt.EventQueue$3.run(EventQueue.java:715)
	at java.awt.EventQueue$3.run(EventQueue.java:709)
	at java.security.AccessController.doPrivileged(Native Method)
	at java.security.ProtectionDomain$JavaSecurityAccessImpl.doIntersectionPrivilege(ProtectionDomain.java:74)
	at java.awt.EventQueue.dispatchEvent(EventQueue.java:734)
	at com.intellij.ide.IdeEventQueue.dispatchEvent(IdeEventQueue.java:398)
	at java.awt.EventDispatchThread.pumpOneEventForFilters(EventDispatchThread.java:205)
	at java.awt.EventDispatchThread.pumpEventsForFilter(EventDispatchThread.java:116)
	at java.awt.EventDispatchThread.pumpEventsForHierarchy(EventDispatchThread.java:105)
	at java.awt.EventDispatchThread.pumpEvents(EventDispatchThread.java:101)
	at java.awt.EventDispatchThread.pumpEvents(EventDispatchThread.java:93)
	at java.awt.EventDispatchThread.run(EventDispatchThread.java:82)
2021-03-05 11:04:54,418 [ 103595]   INFO - llij.ide.plugins.PluginManager - Plugin "Groovy" misses optional descriptor duplicates-groovy.xml 
2021-03-05 11:04:54,435 [ 103612]   INFO - llij.ide.plugins.PluginManager - Plugin "Groovy" misses optional descriptor duplicates-detection-groovy.xml 
2021-03-05 11:04:55,209 [ 104386]   INFO - llij.ide.plugins.PluginManager - Plugin "Java" misses optional descriptor profiler-java.xml 
2021-03-05 11:04:56,026 [ 105203]   INFO - llij.ide.plugins.PluginManager - Loaded bundled plugins: Android APK Support (1.0), Android Games (1.0), Android NDK Support (1.0), Android Support (10.4.0.1), App Links Assistant (0.1), ChangeReminder (193.6911.18.40.6626763), Compose (0.1.0-dev03), Configuration Script (193.6911.18.40.6626763), Copyright (193.6911.18.40.6626763), Coverage (193.6911.18.40.6626763), EditorConfig (193.6911.18.40.6626763), Firebase App Indexing (0.1), Firebase Services (0.1), Firebase Testing (1.0), Git (193.6911.18.40.6626763), GitHub (193.6911.18.40.6626763), Google Cloud Tools Core (0.2.8), Google Cloud Tools For Android Studio (0.2.8), Google Developers Samples (0.3.1), Google Login (1.0), Google Services (0.1), Gradle (193.6911.18.40.6626763), Gradle-Java (193.6911.18.40.6626763), Groovy (193.6911.18.40.6626763), IDEA CORE (193.6911.18.40.6626763), IntelliLang (193.6911.18.40.6626763), JUnit (193.6911.18.40.6626763), Java (193.6911.18.40.6626763), Java Bytecode Decompiler (193.6911.18.40.6626763), Java IDE Customization (193.6911.18.40.6626763), Java Internationalization (193.6911.18.40.6626763), Java Stream Debugger (193.6911.18.40.6626763), Kotlin (1.3.72-release-Studio4.0-5), Layoutlib Native (1.0), Layoutlib Standard (1.0), Mercurial (193.6911.18.40.6626763), Properties (193.6911.18.40.6626763), Settings Repository (193.6911.18.40.6626763), Shell Script (193.6911.18.40.6626763), Smali Support (193.6911.18.40.6626763), Subversion (193.6911.18.40.6626763), Task Management (193.6911.18.40.6626763), Terminal (193.6911.18.40.6626763), Test Recorder (1.0), TestNG (193.6911.18.40.6626763), TextMate bundles (193.6911.18.40.6626763), YAML (193.6911.18.40.6626763) 
2021-03-05 11:04:59,670 [ 108847]   INFO - fs.newvfs.persistent.FSRecords - Marking VFS as corrupted: 'C:\Users\Leonardo\.AndroidStudio4.0\system\caches\names.dat' does not exist 
2021-03-05 11:04:59,676 [ 108853]   INFO - ellij.util.io.PagedFileStorage - lower=100; upper=500; buffer=10; max=1217 
2021-03-05 11:04:59,740 [ 108917]   INFO - tellij.util.io.FileChannelUtil - interruptible FileChannel-s will be used for indexes 
2021-03-05 11:04:59,766 [ 108943]   INFO - com.intellij.ide.ui.UISettings - Loaded: fontSize=13, fontScale=1.0; restored: fontSize=13, fontScale=1.0 
2021-03-05 11:04:59,834 [ 109011]   INFO - rains.ide.BuiltInServerManager - built-in server started, port 63342 
2021-03-05 11:05:00,004 [ 109181]   INFO - .history.utils.LocalHistoryLog - local history version mismatch (was: 0, expected: 6), rebuilding... 
2021-03-05 11:05:00,004 [ 109181]   INFO - .history.utils.LocalHistoryLog - FS has been rebuild, rebuilding local history... 
2021-03-05 11:05:00,036 [ 109213]   INFO - gs.impl.UpdateCheckerComponent - channel: release 
2021-03-05 11:05:00,055 [ 109232]   INFO - til.net.ssl.CertificateManager - Default SSL context initialized 
2021-03-05 11:05:00,194 [ 109371]   INFO - pl.local.NativeFileWatcherImpl - Starting file watcher: C:\Program Files\Android\Android Studio\bin\fsnotifier64.exe 
2021-03-05 11:05:00,300 [ 109477]   INFO - pl.local.NativeFileWatcherImpl - Native file watcher is operational. 
2021-03-05 11:05:00,592 [ 109769]   WARN - nSystem.impl.ActionManagerImpl - keymap "ReSharper" not found [Plugin: com.android.tools.ndk] 
2021-03-05 11:05:02,011 [ 111188]   INFO - ij.psi.stubs.StubUpdatingIndex - Following new file types will be indexed:DGM,CLASS,JAVA,Groovy,Properties,XML,GDBCommands,KNM,Kotlin,HTML,LLDBCommands,KJSM,kotlin_builtins 
2021-03-05 11:05:03,769 [ 112946]   INFO - .startup.AndroidSdkInitializer - Found Studio home directory at: 'C:\Program Files\Android\Android Studio' 
2021-03-05 11:05:03,769 [ 112946]   INFO - .startup.AndroidSdkInitializer - Looking for Android SDK at 'C:/Program Files/Android/Android Studio/sdk' 
2021-03-05 11:05:03,771 [ 112948]   INFO - .startup.AndroidSdkInitializer - Looking for Android SDK at 'C:/Program Files/Android/sdk' 
2021-03-05 11:05:03,772 [ 112949]   INFO - .startup.AndroidSdkInitializer - Unable to locate SDK within the Android studio installation. 
2021-03-05 11:05:03,774 [ 112951]   INFO - .startup.AndroidSdkInitializer - Examined and not found a valid Android SDK path: ANDROID_HOME environment variable 
2021-03-05 11:05:03,774 [ 112951]   INFO - .startup.AndroidSdkInitializer - Examined and not found a valid Android SDK path: ANDROID_SDK_ROOT environment variable 
2021-03-05 11:05:03,775 [ 112952]   INFO - .startup.AndroidSdkInitializer - Examined and not found a valid Android SDK path: Last SDK used by Android tools 
2021-03-05 11:05:04,574 [ 113751]   INFO - il.indexing.FileBasedIndexImpl - Indices to be built:FrameworkDetectionIndex,TodoIndex,IdIndex,FilenameIndex,filetypes,Stubs,Trigram.Index,fileIncludes,DomFileIndex,RelaxSymbolIndex,XmlTagNames,XmlNamespaces,html5.custom.attributes.index,SchemaTypeInheritance,json.file.root.values,ImageFileInfoIndex,bytecodeAnalysis,java.auto.module.name,java.source.module.name,java.null.method.argument,java.simple.property,java.fun.expression,java.binary.plus.expression,RefQueueIndex,xmlProperties,GroovyDslFileIndex,groovy.trait.fields,groovy.trait.methods,org.jetbrains.kotlin.idea.versions.KotlinJvmMetadataVersionIndex,org.jetbrains.kotlin.idea.versions.KotlinJsMetadataVersionIndex,org.jetbrains.kotlin.idea.vfilefinder.KotlinClassFileIndex,org.jetbrains.kotlin.idea.vfilefinder.KotlinJavaScriptMetaFileIndex,org.jetbrains.kotlin.idea.vfilefinder.KotlinMetadataFileIndex,org.jetbrains.kotlin.idea.vfilefinder.KotlinMetadataFilePackageIndex,org.jetbrains.kotlin.idea.vfilefinder.KotlinModuleMappingIndex,org.jetbrains.kotlin.idea.vfilefinder.KotlinPackageSourcesMemberNamesIndex,org.jetbrains.kotlin.idea.vfilefinder.KotlinJvmModuleAnnotationsIndex,org.jetbrains.kotlin.ide.konan.index.KotlinNativeMetaFileIndex,com.android.tools.idea.model.AndroidManifestIndex$Companion$NAME$1.NAME,BindingXmlIndex,MlModelFileIndex,FileNameWithoutExtensionIndex,android.ndk.jni.nativemethodindex,editorconfig.index.name,yaml.keys.name 
2021-03-05 11:05:04,586 [ 113763]   INFO - pl$FileIndexDataInitialization - Initialization done: 4850 
2021-03-05 11:05:06,392 [ 115569]   INFO - tellij.psi.stubs.StubIndexImpl - Following stub indices will be built:dom.namespaceKey,dom.elementClass,java.annotations,java.class.extlist,java.field.name,java.method.name,jvm.static.member.name,jvm.static.member.type,java.anonymous.baseref,java.method.parameter.types,java.class.shortname,java.class.fqn,java.module.name,properties.index,gr.class.fqn,gr.script.fqn,gr.field.name,gr.method.name,gr.annot.method.name,gr.annot.members,gr.script.class,gr.class.super,gr.anonymous.class,org.jetbrains.kotlin.idea.stubindex.KotlinExactPackagesIndex,org.jetbrains.kotlin.idea.stubindex.KotlinTopLevelClassByPackageIndex,org.jetbrains.kotlin.idea.stubindex.KotlinTopLevelFunctionByPackageIndex,org.jetbrains.kotlin.idea.stubindex.KotlinTopLevelPropertyByPackageIndex,org.jetbrains.kotlin.idea.stubindex.KotlinTopLevelTypeAliasByPackageIndex,org.jetbrains.kotlin.idea.stubindex.KotlinClassShortNameIndex,org.jetbrains.kotlin.idea.stubindex.KotlinFullClassNameIndex,org.jetbrains.kotlin.idea.stubindex.KotlinPropertyShortNameIndex,org.jetbrains.kotlin.idea.stubindex.KotlinFunctionShortNameIndex,org.jetbrains.kotlin.idea.stubindex.KotlinTypeAliasShortNameIndex,org.jetbrains.kotlin.idea.stubindex.KotlinSuperClassIndex,org.jetbrains.kotlin.idea.stubindex.KotlinTopLevelFunctionFqnNameIndex,org.jetbrains.kotlin.idea.stubindex.KotlinTopLevelPropertyFqnNameIndex,org.jetbrains.kotlin.idea.stubindex.KotlinTopLevelTypeAliasFqNameIndex,org.jetbrains.kotlin.idea.stubindex.KotlinTopLevelExtensionsByReceiverTypeIndex,org.jetbrains.kotlin.idea.stubindex.KotlinAnnotationsIndex,org.jetbrains.kotlin.idea.stubindex.KotlinProbablyNothingFunctionShortNameIndex,org.jetbrains.kotlin.idea.stubindex.KotlinProbablyNothingPropertyShortNameIndex,org.jetbrains.kotlin.idea.stubindex.KotlinProbablyContractedFunctionShortNameIndex,org.jetbrains.kotlin.idea.stubindex.KotlinFileFacadeFqNameIndex,org.jetbrains.kotlin.idea.stubindex.KotlinFilePartClassIndex,org.jetbrains.kotlin.idea.stubindex.KotlinFileFacadeClassByPackageIndex,org.jetbrains.kotlin.idea.stubindex.KotlinFileFacadeShortNameIndex,org.jetbrains.kotlin.idea.stubindex.KotlinMultifileClassPartIndex,org.jetbrains.kotlin.idea.stubindex.KotlinScriptFqnIndex,org.jetbrains.kotlin.idea.stubindex.KotlinTypeAliasByExpansionShortNameIndex,org.jetbrains.kotlin.idea.stubindex.KotlinOverridableInternalMembersShortNameIndex 
2021-03-05 11:05:06,392 [ 115569]   INFO - exImpl$StubIndexInitialization - Initialization done: 1805 
2021-03-05 11:05:06,739 [ 115916]   WARN - llij.ide.plugins.PluginManager - Plugin "Kotlin" is incompatible (since build 201.7223.91 > AI-193.6911.18.40.6626763) 
2021-03-05 11:05:06,755 [ 115932]   INFO - dea.updater.SdkComponentSource - File C:\Users\Leonardo\.android\repositories.cfg could not be loaded. 
2021-03-05 11:05:06,762 [ 115939]   INFO - dea.updater.SdkComponentSource - Downloading https://dl.google.com/android/repository/addons_list-3.xml 
2021-03-05 11:05:07,017 [ 116194]   INFO - s.RepoProgressIndicatorAdapter - File C:\Users\Leonardo\.android\repositories.cfg could not be loaded. 
2021-03-05 11:05:07,022 [ 116199]   INFO - s.RepoProgressIndicatorAdapter - Downloading https://dl.google.com/android/repository/addons_list-3.xml 
2021-03-05 11:05:07,263 [ 116440]   INFO - dea.updater.SdkComponentSource - Downloading https://dl.google.com/android/repository/repository2-1.xml 
2021-03-05 11:05:07,267 [ 116444]   INFO - dea.updater.SdkComponentSource - Downloading https://dl.google.com/android/repository/sys-img/android-wear/sys-img2-1.xml 
2021-03-05 11:05:07,265 [ 116442]   INFO - dea.updater.SdkComponentSource - Downloading https://dl.google.com/android/repository/sys-img/android/sys-img2-1.xml 
2021-03-05 11:05:07,270 [ 116447]   INFO - dea.updater.SdkComponentSource - Downloading https://dl.google.com/android/repository/sys-img/android-tv/sys-img2-1.xml 
2021-03-05 11:05:07,270 [ 116447]   INFO - dea.updater.SdkComponentSource - Downloading https://dl.google.com/android/repository/sys-img/android-automotive/sys-img2-1.xml 
2021-03-05 11:05:07,273 [ 116450]   INFO - dea.updater.SdkComponentSource - Downloading https://dl.google.com/android/repository/sys-img/android-wear-cn/sys-img2-1.xml 
2021-03-05 11:05:07,274 [ 116451]   INFO - dea.updater.SdkComponentSource - Downloading https://dl.google.com/android/repository/glass/addon2-1.xml 
2021-03-05 11:05:07,277 [ 116454]   INFO - dea.updater.SdkComponentSource - Downloading https://dl.google.com/android/repository/sys-img/google_apis/sys-img2-1.xml 
2021-03-05 11:05:07,278 [ 116455]   INFO - dea.updater.SdkComponentSource - Downloading https://dl.google.com/android/repository/extras/intel/addon2-1.xml 
2021-03-05 11:05:07,279 [ 116456]   INFO - dea.updater.SdkComponentSource - Downloading https://dl.google.com/android/repository/addon2-1.xml 
2021-03-05 11:05:07,280 [ 116457]   INFO - dea.updater.SdkComponentSource - Downloading https://dl.google.com/android/repository/sys-img/google_apis_playstore/sys-img2-1.xml 
2021-03-05 11:05:07,570 [ 116747]   INFO - s.RepoProgressIndicatorAdapter - Downloading https://dl.google.com/android/repository/repository2-1.xml 
2021-03-05 11:05:07,581 [ 116758]   INFO - s.RepoProgressIndicatorAdapter - Downloading https://dl.google.com/android/repository/sys-img/android-wear/sys-img2-1.xml 
2021-03-05 11:05:07,581 [ 116758]   INFO - s.RepoProgressIndicatorAdapter - Downloading https://dl.google.com/android/repository/sys-img/google_apis/sys-img2-1.xml 
2021-03-05 11:05:07,582 [ 116759]   INFO - s.RepoProgressIndicatorAdapter - Downloading https://dl.google.com/android/repository/addon2-1.xml 
2021-03-05 11:05:07,584 [ 116761]   INFO - s.RepoProgressIndicatorAdapter - Downloading https://dl.google.com/android/repository/sys-img/google_apis_playstore/sys-img2-1.xml 
2021-03-05 11:05:07,584 [ 116761]   INFO - s.RepoProgressIndicatorAdapter - Downloading https://dl.google.com/android/repository/sys-img/android/sys-img2-1.xml 
2021-03-05 11:05:07,585 [ 116762]   INFO - s.RepoProgressIndicatorAdapter - Downloading https://dl.google.com/android/repository/extras/intel/addon2-1.xml 
2021-03-05 11:05:07,586 [ 116763]   INFO - s.RepoProgressIndicatorAdapter - Downloading https://dl.google.com/android/repository/sys-img/android-tv/sys-img2-1.xml 
2021-03-05 11:05:07,586 [ 116763]   INFO - s.RepoProgressIndicatorAdapter - Downloading https://dl.google.com/android/repository/glass/addon2-1.xml 
2021-03-05 11:05:07,588 [ 116765]   INFO - s.RepoProgressIndicatorAdapter - Downloading https://dl.google.com/android/repository/sys-img/android-wear-cn/sys-img2-1.xml 
2021-03-05 11:05:07,589 [ 116766]   INFO - s.RepoProgressIndicatorAdapter - Downloading https://dl.google.com/android/repository/sys-img/android-automotive/sys-img2-1.xml 
2021-03-05 11:05:09,977 [ 119154]   WARN - vdmanager.AvdManagerConnection - No Android SDK Found 
2021-03-05 11:05:11,246 [ 120423]   INFO - .startup.AndroidSdkInitializer - Found Studio home directory at: 'C:\Program Files\Android\Android Studio' 
2021-03-05 11:05:11,246 [ 120423]   INFO - .startup.AndroidSdkInitializer - Looking for Android SDK at 'C:/Program Files/Android/Android Studio/sdk' 
2021-03-05 11:05:11,248 [ 120425]   INFO - .startup.AndroidSdkInitializer - Looking for Android SDK at 'C:/Program Files/Android/sdk' 
2021-03-05 11:05:11,249 [ 120426]   INFO - .startup.AndroidSdkInitializer - Unable to locate SDK within the Android studio installation. 
2021-03-05 11:05:11,249 [ 120426]   INFO - .startup.AndroidSdkInitializer - Examined and not found a valid Android SDK path: ANDROID_HOME environment variable 
2021-03-05 11:05:11,249 [ 120426]   INFO - .startup.AndroidSdkInitializer - Examined and not found a valid Android SDK path: ANDROID_SDK_ROOT environment variable 
2021-03-05 11:05:11,250 [ 120427]   INFO - .startup.AndroidSdkInitializer - Examined and not found a valid Android SDK path: Last SDK used by Android tools 
2021-03-05 11:05:57,564 [ 166741]   INFO - rationStore.ComponentStoreImpl - Saving appDaemonCodeAnalyzerSettings took 34 ms, DebuggerSettings took 40 ms, FileTypeManager took 13 ms 
2021-03-05 11:11:47,496 [ 516673]   INFO - rd.FirstRunWizardFrameProvider - Overriding welcome frame to be resizable 
2021-03-05 11:11:51,434 [ 520611]   INFO - Types.impl.FileTypeManagerImpl - 0 auto-detected files. Detection took 0 ms 
2021-03-05 11:11:51,451 [ 520628]   INFO - pl.local.NativeFileWatcherImpl - Watcher terminated with exit code 0 
2021-03-05 11:11:51,455 [ 520632]   INFO - il.indexing.FileBasedIndexImpl - START INDEX SHUTDOWN 
2021-03-05 11:11:51,519 [ 520696]   INFO - il.indexing.FileBasedIndexImpl - END INDEX SHUTDOWN 
2021-03-05 11:11:51,519 [ 520696]   INFO - newvfs.persistent.PersistentFS - VFS dispose started 
2021-03-05 11:11:51,535 [ 520712]   INFO - newvfs.persistent.PersistentFS - VFS dispose completed 
2021-03-05 11:11:51,548 [ 520725]   INFO - stubs.SerializationManagerImpl - START StubSerializationManager SHUTDOWN 
2021-03-05 11:11:51,549 [ 520726]   INFO - stubs.SerializationManagerImpl - END StubSerializationManager SHUTDOWN 
2021-03-05 11:11:51,552 [ 520729]   INFO - org.jetbrains.io.BuiltInServer - web server stopped 
2021-03-05 11:11:51,562 [ 520739]   INFO -        #com.intellij.idea.Main - ------------------------------------------------------ IDE SHUTDOWN ------------------------------------------------------ 
2021-03-05 11:11:51,579 [ 520756]   INFO - org.jetbrains.io.BuiltInServer - web server stopped 
