{"recorder_version":"31","session":"d74996c75229","build":"193.6911.18.40.6626763","bucket":"22","time":1614953100007,"group":{"id":"settings","version":"4"},"event":{"state":true,"data":{"component":"validation.unreachable.whitelist","created":1614953100067},"id":"validation.unreachable.whitelist"}}
{"recorder_version":"31","session":"d74996c75229","build":"193.6911.18.40.6626763","bucket":"22","time":1614953100002,"group":{"id":"settings","version":"4"},"event":{"state":true,"data":{"component":"validation.unreachable.whitelist","created":1614953100103},"id":"validation.unreachable.whitelist"}}
{"recorder_version":"31","session":"d74996c75229","build":"193.6911.18.40.6626763","bucket":"22","time":1614953100026,"group":{"id":"system.java","version":"1"},"event":{"state":true,"data":{"created":1614953100148,"version":"validation.unreachable.whitelist"},"id":"validation.unreachable.whitelist"}}
{"recorder_version":"31","session":"d74996c75229","build":"193.6911.18.40.6626763","bucket":"22","time":1614953100026,"group":{"id":"system.java","version":"1"},"event":{"state":true,"data":{"created":1614953100150},"id":"validation.unreachable.whitelist"}}
{"recorder_version":"31","session":"d74996c75229","build":"193.6911.18.40.6626763","bucket":"22","time":1614953100042,"group":{"id":"settings","version":"4"},"event":{"state":true,"data":{"component":"validation.unreachable.whitelist","created":1614953100151},"id":"validation.unreachable.whitelist"}}
{"recorder_version":"31","session":"d74996c75229","build":"193.6911.18.40.6626763","bucket":"22","time":1614953100045,"group":{"id":"system.os","version":"3"},"event":{"state":true,"data":{"created":1614953100152,"version":"validation.unreachable.whitelist"},"id":"validation.unreachable.whitelist"}}
{"recorder_version":"31","session":"d74996c75229","build":"193.6911.18.40.6626763","bucket":"22","time":1614953100045,"group":{"id":"system.os","version":"3"},"event":{"state":true,"data":{"created":1614953100154,"name":"validation.unreachable.whitelist","version":"validation.unreachable.whitelist"},"id":"validation.unreachable.whitelist"}}
{"recorder_version":"31","session":"d74996c75229","build":"193.6911.18.40.6626763","bucket":"22","time":1614953100045,"group":{"id":"system.os","version":"3"},"event":{"state":true,"data":{"created":1614953100156,"value":"validation.unreachable.whitelist"},"id":"validation.unreachable.whitelist"}}
{"recorder_version":"31","session":"d74996c75229","build":"193.6911.18.40.6626763","bucket":"22","time":1614953100045,"group":{"id":"system.os","version":"3"},"event":{"state":true,"data":{"created":1614953100157},"id":"validation.unreachable.whitelist"}}
{"recorder_version":"31","session":"d74996c75229","build":"193.6911.18.40.6626763","bucket":"22","time":1614953100052,"group":{"id":"event.log","version":"31"},"event":{"count":1,"data":{"created":1614953100167,"version":"validation.unreachable.whitelist"},"id":"validation.unreachable.whitelist"}}
{"recorder_version":"31","session":"d74996c75229","build":"193.6911.18.40.6626763","bucket":"22","time":1614953100249,"group":{"id":"settings","version":"4"},"event":{"state":true,"data":{"component":"validation.unreachable.whitelist","created":1614953100251},"id":"validation.unreachable.whitelist"}}
{"recorder_version":"31","session":"d74996c75229","build":"193.6911.18.40.6626763","bucket":"22","time":1614953103766,"group":{"id":"import.old.config","version":"3"},"event":{"count":1,"data":{"config_folder_exists":"validation.unreachable.whitelist","created":1614953103767,"selected":"validation.unreachable.whitelist"},"id":"validation.unreachable.whitelist"}}
{"recorder_version":"31","session":"d74996c75229","build":"193.6911.18.40.6626763","bucket":"22","time":1614953103767,"group":{"id":"performance","version":"31"},"event":{"count":5,"data":{"duration_ms":"validation.unreachable.whitelist","last":1614953103776,"created":1614953103768},"id":"validation.unreachable.whitelist"}}
{"recorder_version":"31","session":"d74996c75229","build":"193.6911.18.40.6626763","bucket":"22","time":1614953103779,"group":{"id":"settings","version":"4"},"event":{"state":true,"data":{"component":"validation.unreachable.whitelist","created":1614953103779},"id":"validation.unreachable.whitelist"}}
{"recorder_version":"31","session":"d74996c75229","build":"193.6911.18.40.6626763","bucket":"22","time":1614953106998,"group":{"id":"performance","version":"31"},"event":{"count":3,"data":{"duration_ms":"validation.unreachable.whitelist","last":1614953106999,"created":1614953106998},"id":"validation.unreachable.whitelist"}}
{"recorder_version":"31","session":"d74996c75229","build":"193.6911.18.40.6626763","bucket":"22","time":1614953107368,"group":{"id":"ui.dialogs","version":"31"},"event":{"count":1,"data":{"created":1614953107369,"dialog_class":"validation.unreachable.whitelist"},"id":"validation.unreachable.whitelist"}}
{"recorder_version":"31","session":"d74996c75229","build":"193.6911.18.40.6626763","bucket":"22","time":1614953109832,"group":{"id":"ui.dialogs","version":"31"},"event":{"count":1,"data":{"code":"validation.unreachable.whitelist","created":1614953109832,"dialog_class":"validation.unreachable.whitelist"},"id":"validation.unreachable.whitelist"}}
{"recorder_version":"31","session":"d74996c75229","build":"193.6911.18.40.6626763","bucket":"22","time":1614953111242,"group":{"id":"lifecycle","version":"31"},"event":{"count":1,"data":{"eap":"validation.unreachable.whitelist","created":1614953111242},"id":"validation.unreachable.whitelist"}}
{"recorder_version":"31","session":"d74996c75229","build":"193.6911.18.40.6626763","bucket":"22","time":1614953111265,"group":{"id":"ide.self.update","version":"2"},"event":{"count":1,"data":{"created":1614953111265},"id":"validation.unreachable.whitelist"}}
{"recorder_version":"31","session":"d74996c75229","build":"193.6911.18.40.6626763","bucket":"22","time":1614953111523,"group":{"id":"performance","version":"31"},"event":{"count":1,"data":{"duration_ms":"validation.unreachable.whitelist","created":1614953111523},"id":"validation.unreachable.whitelist"}}
{"recorder_version":"31","session":"d74996c75229","build":"193.6911.18.40.6626763","bucket":"22","time":1614953111687,"group":{"id":"settings","version":"4"},"event":{"state":true,"data":{"component":"validation.unreachable.whitelist","created":1614953111687},"id":"validation.unreachable.whitelist"}}
{"recorder_version":"31","session":"d74996c75229","build":"193.6911.18.40.6626763","bucket":"22","time":1614953111711,"group":{"id":"performance","version":"31"},"event":{"count":1,"data":{"duration_ms":"validation.unreachable.whitelist","created":1614953111711},"id":"validation.unreachable.whitelist"}}
{"recorder_version":"31","session":"d74996c75229","build":"193.6911.18.40.6626763","bucket":"22","time":1614953132785,"group":{"id":"performance","version":"31"},"event":{"count":4,"data":{"duration_ms":"validation.unreachable.whitelist","last":1614953156731,"created":1614953132785},"id":"validation.unreachable.whitelist"}}
{"recorder_version":"31","session":"d74996c75229","build":"193.6911.18.40.6626763","bucket":"22","time":1614953204582,"group":{"id":"performance","version":"31"},"event":{"count":1,"data":{"duration_ms":"validation.unreachable.whitelist","created":1614953204582},"id":"validation.unreachable.whitelist"}}
{"recorder_version":"31","session":"d74996c75229","build":"193.6911.18.40.6626763","bucket":"22","time":1614953304668,"group":{"id":"performance","version":"31"},"event":{"count":1,"data":{"duration_ms":"validation.unreachable.whitelist","created":1614953304668},"id":"validation.unreachable.whitelist"}}
{"recorder_version":"31","session":"d74996c75229","build":"193.6911.18.40.6626763","bucket":"22","time":1614953403768,"group":{"id":"java.find.usages","version":"1"},"event":{"count":1,"data":{"created":1614953403768},"id":"validation.unreachable.whitelist"}}
{"recorder_version":"31","session":"d74996c75229","build":"193.6911.18.40.6626763","bucket":"22","time":1614953403768,"group":{"id":"file.types.usage","version":"31"},"event":{"count":1,"data":{"created":1614953403769},"id":"validation.unreachable.whitelist"}}
{"recorder_version":"31","session":"d74996c75229","build":"193.6911.18.40.6626763","bucket":"22","time":1614953403768,"group":{"id":"ide.script.engine","version":"2"},"event":{"count":1,"data":{"created":1614953403769},"id":"validation.unreachable.whitelist"}}
{"recorder_version":"31","session":"d74996c75229","build":"193.6911.18.40.6626763","bucket":"22","time":1614953403768,"group":{"id":"oc.clangd.crash","version":"1"},"event":{"count":1,"data":{"created":1614953403770},"id":"validation.unreachable.whitelist"}}
{"recorder_version":"31","session":"d74996c75229","build":"193.6911.18.40.6626763","bucket":"22","time":1614953403768,"group":{"id":"live.templates","version":"31"},"event":{"count":1,"data":{"created":1614953403770},"id":"validation.unreachable.whitelist"}}
{"recorder_version":"31","session":"d74996c75229","build":"193.6911.18.40.6626763","bucket":"22","time":1614953403768,"group":{"id":"ide.self.update","version":"2"},"event":{"count":1,"data":{"created":1614953403770},"id":"validation.unreachable.whitelist"}}
{"recorder_version":"31","session":"d74996c75229","build":"193.6911.18.40.6626763","bucket":"22","time":1614953403768,"group":{"id":"lifecycle","version":"31"},"event":{"count":1,"data":{"created":1614953403771},"id":"validation.unreachable.whitelist"}}
{"recorder_version":"31","session":"d74996c75229","build":"193.6911.18.40.6626763","bucket":"22","time":1614953403768,"group":{"id":"vcs.diff.trigger","version":"1"},"event":{"count":1,"data":{"created":1614953403771},"id":"validation.unreachable.whitelist"}}
{"recorder_version":"31","session":"d74996c75229","build":"193.6911.18.40.6626763","bucket":"22","time":1614953403768,"group":{"id":"debugger.breakpoints.usage","version":"2"},"event":{"count":1,"data":{"created":1614953403771},"id":"validation.unreachable.whitelist"}}
{"recorder_version":"31","session":"d74996c75229","build":"193.6911.18.40.6626763","bucket":"22","time":1614953403768,"group":{"id":"startup","version":"1"},"event":{"count":1,"data":{"created":1614953403772},"id":"validation.unreachable.whitelist"}}
{"recorder_version":"31","session":"d74996c75229","build":"193.6911.18.40.6626763","bucket":"22","time":1614953403768,"group":{"id":"find","version":"2"},"event":{"count":1,"data":{"created":1614953403772},"id":"validation.unreachable.whitelist"}}
{"recorder_version":"31","session":"d74996c75229","build":"193.6911.18.40.6626763","bucket":"22","time":1614953403768,"group":{"id":"gutter.icon.click","version":"2"},"event":{"count":1,"data":{"created":1614953403772},"id":"validation.unreachable.whitelist"}}
{"recorder_version":"31","session":"d74996c75229","build":"193.6911.18.40.6626763","bucket":"22","time":1614953403768,"group":{"id":"shell.script","version":"1"},"event":{"count":1,"data":{"created":1614953403773},"id":"validation.unreachable.whitelist"}}
{"recorder_version":"31","session":"d74996c75229","build":"193.6911.18.40.6626763","bucket":"22","time":1614953403768,"group":{"id":"new.project.wizard","version":"1"},"event":{"count":1,"data":{"created":1614953403773},"id":"validation.unreachable.whitelist"}}
{"recorder_version":"31","session":"d74996c75229","build":"193.6911.18.40.6626763","bucket":"22","time":1614953403768,"group":{"id":"intentions","version":"31"},"event":{"count":1,"data":{"created":1614953403773},"id":"validation.unreachable.whitelist"}}
{"recorder_version":"31","session":"d74996c75229","build":"193.6911.18.40.6626763","bucket":"22","time":1614953403768,"group":{"id":"settings.repository","version":"1"},"event":{"count":1,"data":{"created":1614953403774},"id":"validation.unreachable.whitelist"}}
{"recorder_version":"31","session":"d74996c75229","build":"193.6911.18.40.6626763","bucket":"22","time":1614953403768,"group":{"id":"vcs.change.reminder","version":"2"},"event":{"count":1,"data":{"created":1614953403774},"id":"validation.unreachable.whitelist"}}
{"recorder_version":"31","session":"d74996c75229","build":"193.6911.18.40.6626763","bucket":"22","time":1614953403768,"group":{"id":"create.directory.dialog","version":"1"},"event":{"count":1,"data":{"created":1614953403775},"id":"validation.unreachable.whitelist"}}
{"recorder_version":"31","session":"d74996c75229","build":"193.6911.18.40.6626763","bucket":"22","time":1614953403768,"group":{"id":"json.schema","version":"1"},"event":{"count":1,"data":{"created":1614953403775},"id":"validation.unreachable.whitelist"}}
{"recorder_version":"31","session":"d74996c75229","build":"193.6911.18.40.6626763","bucket":"22","time":1614953403768,"group":{"id":"terminalShell","version":"1"},"event":{"count":1,"data":{"created":1614953403775},"id":"validation.unreachable.whitelist"}}
{"recorder_version":"31","session":"d74996c75229","build":"193.6911.18.40.6626763","bucket":"22","time":1614953403768,"group":{"id":"rename.refactoring","version":"1"},"event":{"count":1,"data":{"created":1614953403775},"id":"validation.unreachable.whitelist"}}
{"recorder_version":"31","session":"d74996c75229","build":"193.6911.18.40.6626763","bucket":"22","time":1614953403768,"group":{"id":"actions","version":"31"},"event":{"count":1,"data":{"created":1614953403776},"id":"validation.unreachable.whitelist"}}
{"recorder_version":"31","session":"d74996c75229","build":"193.6911.18.40.6626763","bucket":"22","time":1614953403768,"group":{"id":"event.log","version":"31"},"event":{"count":1,"data":{"created":1614953403776},"id":"validation.unreachable.whitelist"}}
{"recorder_version":"31","session":"d74996c75229","build":"193.6911.18.40.6626763","bucket":"22","time":1614953403768,"group":{"id":"run.configuration.exec","version":"31"},"event":{"count":1,"data":{"created":1614953403776},"id":"validation.unreachable.whitelist"}}
{"recorder_version":"31","session":"d74996c75229","build":"193.6911.18.40.6626763","bucket":"22","time":1614953403768,"group":{"id":"oc.clangd.completion","version":"1"},"event":{"count":1,"data":{"created":1614953403777},"id":"validation.unreachable.whitelist"}}
{"recorder_version":"31","session":"d74996c75229","build":"193.6911.18.40.6626763","bucket":"22","time":1614953403768,"group":{"id":"build.tools.actions","version":"1"},"event":{"count":1,"data":{"created":1614953403777},"id":"validation.unreachable.whitelist"}}
{"recorder_version":"31","session":"d74996c75229","build":"193.6911.18.40.6626763","bucket":"22","time":1614953403768,"group":{"id":"file.editor","version":"2"},"event":{"count":1,"data":{"created":1614953403777},"id":"validation.unreachable.whitelist"}}
{"recorder_version":"31","session":"d74996c75229","build":"193.6911.18.40.6626763","bucket":"22","time":1614953403768,"group":{"id":"vfs","version":"2"},"event":{"count":1,"data":{"created":1614953403777},"id":"validation.unreachable.whitelist"}}
{"recorder_version":"31","session":"d74996c75229","build":"193.6911.18.40.6626763","bucket":"22","time":1614953403768,"group":{"id":"project.import","version":"2"},"event":{"count":1,"data":{"created":1614953403778},"id":"validation.unreachable.whitelist"}}
{"recorder_version":"31","session":"d74996c75229","build":"193.6911.18.40.6626763","bucket":"22","time":1614953403768,"group":{"id":"actions.runAnything","version":"1"},"event":{"count":1,"data":{"created":1614953403778},"id":"validation.unreachable.whitelist"}}
{"recorder_version":"31","session":"d74996c75229","build":"193.6911.18.40.6626763","bucket":"22","time":1614953403768,"group":{"id":"toolwindow","version":"31"},"event":{"count":1,"data":{"created":1614953403778},"id":"validation.unreachable.whitelist"}}
{"recorder_version":"31","session":"d74996c75229","build":"193.6911.18.40.6626763","bucket":"22","time":1614953403768,"group":{"id":"cidr.testingFrameworks.usages","version":"2"},"event":{"count":1,"data":{"created":1614953403779},"id":"validation.unreachable.whitelist"}}
{"recorder_version":"31","session":"d74996c75229","build":"193.6911.18.40.6626763","bucket":"22","time":1614953403768,"group":{"id":"ui.settings","version":"31"},"event":{"count":1,"data":{"created":1614953403779},"id":"validation.unreachable.whitelist"}}
{"recorder_version":"31","session":"d74996c75229","build":"193.6911.18.40.6626763","bucket":"22","time":1614953403768,"group":{"id":"vcs.log.trigger","version":"2"},"event":{"count":1,"data":{"created":1614953403779},"id":"validation.unreachable.whitelist"}}
{"recorder_version":"31","session":"d74996c75229","build":"193.6911.18.40.6626763","bucket":"22","time":1614953403768,"group":{"id":"productivity","version":"31"},"event":{"count":1,"data":{"created":1614953403779},"id":"validation.unreachable.whitelist"}}
{"recorder_version":"31","session":"d74996c75229","build":"193.6911.18.40.6626763","bucket":"22","time":1614953403768,"group":{"id":"oc","version":"2"},"event":{"count":1,"data":{"created":1614953403780},"id":"validation.unreachable.whitelist"}}
{"recorder_version":"31","session":"d74996c75229","build":"193.6911.18.40.6626763","bucket":"22","time":1614953403768,"group":{"id":"ui.event","version":"3"},"event":{"count":1,"data":{"created":1614953403780},"id":"validation.unreachable.whitelist"}}
{"recorder_version":"31","session":"d74996c75229","build":"193.6911.18.40.6626763","bucket":"22","time":1614953403768,"group":{"id":"plugins.advertiser","version":"1"},"event":{"count":1,"data":{"created":1614953403780},"id":"validation.unreachable.whitelist"}}
{"recorder_version":"31","session":"d74996c75229","build":"193.6911.18.40.6626763","bucket":"22","time":1614953403768,"group":{"id":"editor.notification.panel","version":"1"},"event":{"count":1,"data":{"created":1614953403781},"id":"validation.unreachable.whitelist"}}
{"recorder_version":"31","session":"d74996c75229","build":"193.6911.18.40.6626763","bucket":"22","time":1614953403768,"group":{"id":"tooltip.action.events","version":"1"},"event":{"count":1,"data":{"created":1614953403781},"id":"validation.unreachable.whitelist"}}
{"recorder_version":"31","session":"d74996c75229","build":"193.6911.18.40.6626763","bucket":"22","time":1614953403768,"group":{"id":"indexing","version":"2"},"event":{"count":1,"data":{"created":1614953403781},"id":"validation.unreachable.whitelist"}}
{"recorder_version":"31","session":"d74996c75229","build":"193.6911.18.40.6626763","bucket":"22","time":1614953403768,"group":{"id":"vcs","version":"2"},"event":{"count":1,"data":{"created":1614953403781},"id":"validation.unreachable.whitelist"}}
{"recorder_version":"31","session":"d74996c75229","build":"193.6911.18.40.6626763","bucket":"22","time":1614953403768,"group":{"id":"ui.dialogs","version":"31"},"event":{"count":1,"data":{"created":1614953403782},"id":"validation.unreachable.whitelist"}}
{"recorder_version":"31","session":"d74996c75229","build":"193.6911.18.40.6626763","bucket":"22","time":1614953403768,"group":{"id":"vcs.back.forward.trigger","version":"1"},"event":{"count":1,"data":{"created":1614953403782},"id":"validation.unreachable.whitelist"}}
{"recorder_version":"31","session":"d74996c75229","build":"193.6911.18.40.6626763","bucket":"22","time":1614953403768,"group":{"id":"customize.wizard","version":"1"},"event":{"count":1,"data":{"created":1614953403782},"id":"validation.unreachable.whitelist"}}
{"recorder_version":"31","session":"d74996c75229","build":"193.6911.18.40.6626763","bucket":"22","time":1614953403768,"group":{"id":"ide.update.dialog","version":"1"},"event":{"count":1,"data":{"created":1614953403782},"id":"validation.unreachable.whitelist"}}
{"recorder_version":"31","session":"d74996c75229","build":"193.6911.18.40.6626763","bucket":"22","time":1614953403768,"group":{"id":"toolbar","version":"31"},"event":{"count":1,"data":{"created":1614953403783},"id":"validation.unreachable.whitelist"}}
{"recorder_version":"31","session":"d74996c75229","build":"193.6911.18.40.6626763","bucket":"22","time":1614953403768,"group":{"id":"build.gradle.actions","version":"1"},"event":{"count":1,"data":{"created":1614953403783},"id":"validation.unreachable.whitelist"}}
{"recorder_version":"31","session":"d74996c75229","build":"193.6911.18.40.6626763","bucket":"22","time":1614953403768,"group":{"id":"oc.clangd.memoryLimitExceedances","version":"1"},"event":{"count":1,"data":{"created":1614953403783},"id":"validation.unreachable.whitelist"}}
{"recorder_version":"31","session":"d74996c75229","build":"193.6911.18.40.6626763","bucket":"22","time":1614953403768,"group":{"id":"performance","version":"31"},"event":{"count":1,"data":{"created":1614953403783},"id":"validation.unreachable.whitelist"}}
{"recorder_version":"31","session":"d74996c75229","build":"193.6911.18.40.6626763","bucket":"22","time":1614953403768,"group":{"id":"build","version":"2"},"event":{"count":1,"data":{"created":1614953403784},"id":"validation.unreachable.whitelist"}}
{"recorder_version":"31","session":"d74996c75229","build":"193.6911.18.40.6626763","bucket":"22","time":1614953403768,"group":{"id":"searchEverywhere","version":"3"},"event":{"count":1,"data":{"created":1614953403784},"id":"validation.unreachable.whitelist"}}
{"recorder_version":"31","session":"d74996c75229","build":"193.6911.18.40.6626763","bucket":"22","time":1614953403768,"group":{"id":"ui.tips","version":"3"},"event":{"count":1,"data":{"created":1614953403784},"id":"validation.unreachable.whitelist"}}
{"recorder_version":"31","session":"d74996c75229","build":"193.6911.18.40.6626763","bucket":"22","time":1614953403768,"group":{"id":"surround.with","version":"2"},"event":{"count":1,"data":{"created":1614953403784},"id":"validation.unreachable.whitelist"}}
{"recorder_version":"31","session":"d74996c75229","build":"193.6911.18.40.6626763","bucket":"22","time":1614953403768,"group":{"id":"import.old.config","version":"3"},"event":{"count":1,"data":{"created":1614953403785},"id":"validation.unreachable.whitelist"}}
{"recorder_version":"31","session":"d74996c75229","build":"193.6911.18.40.6626763","bucket":"22","time":1614953403768,"group":{"id":"completion.postfix","version":"31"},"event":{"count":1,"data":{"created":1614953403785},"id":"validation.unreachable.whitelist"}}
{"recorder_version":"31","session":"d74996c75229","build":"193.6911.18.40.6626763","bucket":"22","time":1614953404754,"group":{"id":"performance","version":"31"},"event":{"count":1,"data":{"duration_ms":"validation.unreachable.whitelist","created":1614953404754},"id":"validation.unreachable.whitelist"}}
{"recorder_version":"31","session":"d74996c75229","build":"193.6911.18.40.6626763","bucket":"22","time":1614953447912,"group":{"id":"performance","version":"31"},"event":{"count":1,"data":{"duration_ms":"validation.unreachable.whitelist","created":1614953447912},"id":"validation.unreachable.whitelist"}}
{"recorder_version":"31","session":"d74996c75229","build":"193.6911.18.40.6626763","bucket":"22","time":1614953504875,"group":{"id":"performance","version":"31"},"event":{"count":1,"data":{"duration_ms":"validation.unreachable.whitelist","created":1614953504875},"id":"validation.unreachable.whitelist"}}
{"recorder_version":"31","session":"d74996c75229","build":"193.6911.18.40.6626763","bucket":"22","time":1614953505461,"group":{"id":"actions","version":"31"},"event":{"count":1,"data":{"context_menu":"validation.unreachable.whitelist","action_id":"validation.unreachable.whitelist","created":1614953505462,"plugin_type":"validation.unreachable.whitelist","place":"validation.unreachable.whitelist","class":"validation.unreachable.whitelist","input_event":"validation.unreachable.whitelist"},"id":"validation.unreachable.whitelist"}}
{"recorder_version":"31","session":"d74996c75229","build":"193.6911.18.40.6626763","bucket":"22","time":1614953510508,"group":{"id":"lifecycle","version":"31"},"event":{"count":1,"data":{"restart":"validation.unreachable.whitelist","created":1614953510508},"id":"validation.unreachable.whitelist"}}
